app/build/intermediates/manifest_merge_blame_file/release/manifest-merger-blame-release-report.txt
1<?xml version="1.0" encoding="utf-8"?>
2<manifest xmlns:android="http://schemas.android.com/apk/res/android"
3    package="com.enigma2.android"
4    android:versionCode="10"
5    android:versionName="1.1.0" >
6
7    <uses-sdk
8        android:minSdkVersion="26"
9        android:targetSdkVersion="34" />
10
11    <uses-permission android:name="android.permission.INTERNET" />
11-->src\main\AndroidManifest.xml:4:5-67
11-->src\main\AndroidManifest.xml:4:22-64
12    <uses-permission android:name="android.permission.ACCESS_NETWORK_STATE" />
12-->src\main\AndroidManifest.xml:5:5-79
12-->src\main\AndroidManifest.xml:5:22-76
13    <uses-permission android:name="android.permission.ACCESS_WIFI_STATE" />
13-->src\main\AndroidManifest.xml:6:5-76
13-->src\main\AndroidManifest.xml:6:22-73
14    <uses-permission android:name="android.permission.POST_NOTIFICATIONS" />
14-->src\main\AndroidManifest.xml:7:5-77
14-->src\main\AndroidManifest.xml:7:22-74
15
16    <!-- Android tablet — touchscreen is required -->
17    <uses-feature
17-->src\main\AndroidManifest.xml:10:5-12:35
18        android:name="android.hardware.touchscreen"
18-->src\main\AndroidManifest.xml:11:9-52
19        android:required="true" />
19-->src\main\AndroidManifest.xml:12:9-32
20
21    <uses-permission android:name="android.permission.WAKE_LOCK" />
21-->[androidx.work:work-runtime:2.9.0] AndroidManifest.xml:23:5-68
21-->[androidx.work:work-runtime:2.9.0] AndroidManifest.xml:23:22-65
22    <uses-permission android:name="android.permission.RECEIVE_BOOT_COMPLETED" />
22-->[androidx.work:work-runtime:2.9.0] AndroidManifest.xml:25:5-81
22-->[androidx.work:work-runtime:2.9.0] AndroidManifest.xml:25:22-78
23    <uses-permission android:name="android.permission.FOREGROUND_SERVICE" />
23-->[androidx.work:work-runtime:2.9.0] AndroidManifest.xml:26:5-77
23-->[androidx.work:work-runtime:2.9.0] AndroidManifest.xml:26:22-74
24
25    <permission
25-->[androidx.core:core:1.12.0] AndroidManifest.xml:22:5-24:47
26        android:name="com.enigma2.android.DYNAMIC_RECEIVER_NOT_EXPORTED_PERMISSION"
26-->[androidx.core:core:1.12.0] AndroidManifest.xml:23:9-81
27        android:protectionLevel="signature" />
27-->[androidx.core:core:1.12.0] AndroidManifest.xml:24:9-44
28
29    <uses-permission android:name="com.enigma2.android.DYNAMIC_RECEIVER_NOT_EXPORTED_PERMISSION" />
29-->[androidx.core:core:1.12.0] AndroidManifest.xml:26:5-97
29-->[androidx.core:core:1.12.0] AndroidManifest.xml:26:22-94
30
31    <application
31-->src\main\AndroidManifest.xml:14:5-107:19
32        android:allowBackup="true"
32-->src\main\AndroidManifest.xml:15:9-35
33        android:appComponentFactory="androidx.core.app.CoreComponentFactory"
33-->[androidx.core:core:1.12.0] AndroidManifest.xml:28:18-86
34        android:extractNativeLibs="false"
35        android:icon="@mipmap/ic_launcher"
35-->src\main\AndroidManifest.xml:16:9-43
36        android:label="@string/app_name"
36-->src\main\AndroidManifest.xml:17:9-41
37        android:roundIcon="@mipmap/ic_launcher_round"
37-->src\main\AndroidManifest.xml:18:9-54
38        android:supportsRtl="true"
38-->src\main\AndroidManifest.xml:19:9-35
39        android:theme="@style/Theme.Enigma2Android"
39-->src\main\AndroidManifest.xml:20:9-52
40        android:usesCleartextTraffic="true" >
40-->src\main\AndroidManifest.xml:21:9-44
41
42        <!-- Main launcher activity -->
43        <activity
43-->src\main\AndroidManifest.xml:24:9-36:20
44            android:name="com.enigma2.android.ui.main.MainActivity"
44-->src\main\AndroidManifest.xml:25:13-49
45            android:configChanges="keyboard|keyboardHidden|orientation|screenSize"
45-->src\main\AndroidManifest.xml:27:13-83
46            android:exported="true"
46-->src\main\AndroidManifest.xml:26:13-36
47            android:launchMode="singleTop" >
47-->src\main\AndroidManifest.xml:28:13-43
48            <intent-filter>
48-->src\main\AndroidManifest.xml:29:13-32:29
49                <action android:name="android.intent.action.MAIN" />
49-->src\main\AndroidManifest.xml:30:17-69
49-->src\main\AndroidManifest.xml:30:25-66
50
51                <category android:name="android.intent.category.LAUNCHER" />
51-->src\main\AndroidManifest.xml:31:17-77
51-->src\main\AndroidManifest.xml:31:27-74
52            </intent-filter>
53
54            <meta-data
54-->src\main\AndroidManifest.xml:33:13-35:53
55                android:name="android.app.shortcuts"
55-->src\main\AndroidManifest.xml:34:17-53
56                android:resource="@xml/shortcuts" />
56-->src\main\AndroidManifest.xml:35:17-50
57        </activity>
58
59        <!-- Full-screen video player activity -->
60        <activity
60-->src\main\AndroidManifest.xml:39:9-45:46
61            android:name="com.enigma2.android.ui.player.PlayerActivity"
61-->src\main\AndroidManifest.xml:40:13-53
62            android:configChanges="keyboard|keyboardHidden|orientation|screenSize|screenLayout|smallestScreenSize"
62-->src\main\AndroidManifest.xml:42:13-115
63            android:exported="false"
63-->src\main\AndroidManifest.xml:41:13-37
64            android:launchMode="singleTop"
64-->src\main\AndroidManifest.xml:45:13-43
65            android:supportsPictureInPicture="true"
65-->src\main\AndroidManifest.xml:43:13-52
66            android:theme="@style/Theme.Enigma2Android.Player" />
66-->src\main\AndroidManifest.xml:44:13-63
67
68        <!-- Settings activity -->
69        <activity
69-->src\main\AndroidManifest.xml:48:9-51:68
70            android:name="com.enigma2.android.ui.settings.SettingsActivity"
70-->src\main\AndroidManifest.xml:49:13-57
71            android:exported="false"
71-->src\main\AndroidManifest.xml:50:13-37
72            android:theme="@style/Theme.Enigma2Android.Settings" />
72-->src\main\AndroidManifest.xml:51:13-65
73
74        <!-- Hidden bouquets picker (launched from Settings) -->
75        <activity
75-->src\main\AndroidManifest.xml:54:9-57:68
76            android:name="com.enigma2.android.ui.settings.HideBouquetsActivity"
76-->src\main\AndroidManifest.xml:55:13-61
77            android:exported="false"
77-->src\main\AndroidManifest.xml:56:13-37
78            android:theme="@style/Theme.Enigma2Android.Settings" />
78-->src\main\AndroidManifest.xml:57:13-65
79
80        <!-- EPG Import (launched from Settings if plugin is present) -->
81        <activity
81-->src\main\AndroidManifest.xml:60:9-63:68
82            android:name="com.enigma2.android.ui.settings.EpgImportActivity"
82-->src\main\AndroidManifest.xml:61:13-58
83            android:exported="false"
83-->src\main\AndroidManifest.xml:62:13-37
84            android:theme="@style/Theme.Enigma2Android.Settings" />
84-->src\main\AndroidManifest.xml:63:13-65
85
86        <!-- Receiver Box Info (launched from Settings) -->
87        <activity
87-->src\main\AndroidManifest.xml:66:9-69:68
88            android:name="com.enigma2.android.ui.settings.BoxInfoActivity"
88-->src\main\AndroidManifest.xml:67:13-56
89            android:exported="false"
89-->src\main\AndroidManifest.xml:68:13-37
90            android:theme="@style/Theme.Enigma2Android.Settings" />
90-->src\main\AndroidManifest.xml:69:13-65
91
92        <!-- Bouquet Editor (launched from Settings) -->
93        <activity
93-->src\main\AndroidManifest.xml:72:9-75:68
94            android:name="com.enigma2.android.ui.bouqueteditor.BouquetEditorActivity"
94-->src\main\AndroidManifest.xml:73:13-67
95            android:exported="false"
95-->src\main\AndroidManifest.xml:74:13-37
96            android:theme="@style/Theme.Enigma2Android.Settings" />
96-->src\main\AndroidManifest.xml:75:13-65
97
98        <!-- Receiver Settings (launched from Settings) -->
99        <activity
99-->src\main\AndroidManifest.xml:78:9-81:68
100            android:name="com.enigma2.android.ui.receiversettings.ReceiverSettingsActivity"
100-->src\main\AndroidManifest.xml:79:13-73
101            android:exported="false"
101-->src\main\AndroidManifest.xml:80:13-37
102            android:theme="@style/Theme.Enigma2Android.Settings" />
102-->src\main\AndroidManifest.xml:81:13-65
103
104        <!-- v1.0.7: Virtual Remote Control -->
105        <activity
105-->src\main\AndroidManifest.xml:84:9-88:68
106            android:name="com.enigma2.android.ui.remote.RemoteControlActivity"
106-->src\main\AndroidManifest.xml:85:13-60
107            android:exported="false"
107-->src\main\AndroidManifest.xml:86:13-37
108            android:label="@string/remote_title"
108-->src\main\AndroidManifest.xml:87:13-49
109            android:theme="@style/Theme.Enigma2Android.Settings" />
109-->src\main\AndroidManifest.xml:88:13-65
110
111        <!-- v1.0.7: Quick Settings tile (toggle standby) -->
112        <service
112-->src\main\AndroidManifest.xml:91:9-100:19
113            android:name="com.enigma2.android.service.PowerToggleTileService"
113-->src\main\AndroidManifest.xml:92:13-59
114            android:exported="true"
114-->src\main\AndroidManifest.xml:95:13-36
115            android:icon="@android:drawable/ic_lock_power_off"
115-->src\main\AndroidManifest.xml:94:13-63
116            android:label="@string/tile_power_label"
116-->src\main\AndroidManifest.xml:93:13-53
117            android:permission="android.permission.BIND_QUICK_SETTINGS_TILE" >
117-->src\main\AndroidManifest.xml:96:13-77
118            <intent-filter>
118-->src\main\AndroidManifest.xml:97:13-99:29
119                <action android:name="android.service.quicksettings.action.QS_TILE" />
119-->src\main\AndroidManifest.xml:98:17-87
119-->src\main\AndroidManifest.xml:98:25-84
120            </intent-filter>
121        </service>
122
123        <!-- v1.0.8: EPG reminder broadcast receiver -->
124        <receiver
124-->src\main\AndroidManifest.xml:103:9-105:40
125            android:name="com.enigma2.android.service.ReminderReceiver"
125-->src\main\AndroidManifest.xml:104:13-53
126            android:exported="false" />
126-->src\main\AndroidManifest.xml:105:13-37
127
128        <meta-data
128-->[com.github.bumptech.glide:okhttp3-integration:4.16.0] AndroidManifest.xml:10:9-12:43
129            android:name="com.bumptech.glide.integration.okhttp3.OkHttpGlideModule"
129-->[com.github.bumptech.glide:okhttp3-integration:4.16.0] AndroidManifest.xml:11:13-84
130            android:value="GlideModule" />
130-->[com.github.bumptech.glide:okhttp3-integration:4.16.0] AndroidManifest.xml:12:13-40
131
132        <provider
132-->[androidx.emoji2:emoji2:1.2.0] AndroidManifest.xml:24:9-32:20
133            android:name="androidx.startup.InitializationProvider"
133-->[androidx.emoji2:emoji2:1.2.0] AndroidManifest.xml:25:13-67
134            android:authorities="com.enigma2.android.androidx-startup"
134-->[androidx.emoji2:emoji2:1.2.0] AndroidManifest.xml:26:13-68
135            android:exported="false" >
135-->[androidx.emoji2:emoji2:1.2.0] AndroidManifest.xml:27:13-37
136            <meta-data
136-->[androidx.emoji2:emoji2:1.2.0] AndroidManifest.xml:29:13-31:52
137                android:name="androidx.emoji2.text.EmojiCompatInitializer"
137-->[androidx.emoji2:emoji2:1.2.0] AndroidManifest.xml:30:17-75
138                android:value="androidx.startup" />
138-->[androidx.emoji2:emoji2:1.2.0] AndroidManifest.xml:31:17-49
139            <meta-data
139-->[androidx.work:work-runtime:2.9.0] AndroidManifest.xml:34:13-36:52
140                android:name="androidx.work.WorkManagerInitializer"
140-->[androidx.work:work-runtime:2.9.0] AndroidManifest.xml:35:17-68
141                android:value="androidx.startup" />
141-->[androidx.work:work-runtime:2.9.0] AndroidManifest.xml:36:17-49
142            <meta-data
142-->[androidx.lifecycle:lifecycle-process:2.7.0] AndroidManifest.xml:29:13-31:52
143                android:name="androidx.lifecycle.ProcessLifecycleInitializer"
143-->[androidx.lifecycle:lifecycle-process:2.7.0] AndroidManifest.xml:30:17-78
144                android:value="androidx.startup" />
144-->[androidx.lifecycle:lifecycle-process:2.7.0] AndroidManifest.xml:31:17-49
145            <meta-data
145-->[androidx.profileinstaller:profileinstaller:1.3.0] AndroidManifest.xml:29:13-31:52
146                android:name="androidx.profileinstaller.ProfileInstallerInitializer"
146-->[androidx.profileinstaller:profileinstaller:1.3.0] AndroidManifest.xml:30:17-85
147                android:value="androidx.startup" />
147-->[androidx.profileinstaller:profileinstaller:1.3.0] AndroidManifest.xml:31:17-49
148        </provider>
149
150        <service
150-->[androidx.work:work-runtime:2.9.0] AndroidManifest.xml:39:9-45:35
151            android:name="androidx.work.impl.background.systemalarm.SystemAlarmService"
151-->[androidx.work:work-runtime:2.9.0] AndroidManifest.xml:40:13-88
152            android:directBootAware="false"
152-->[androidx.work:work-runtime:2.9.0] AndroidManifest.xml:41:13-44
153            android:enabled="@bool/enable_system_alarm_service_default"
153-->[androidx.work:work-runtime:2.9.0] AndroidManifest.xml:42:13-72
154            android:exported="false" />
154-->[androidx.work:work-runtime:2.9.0] AndroidManifest.xml:43:13-37
155        <service
155-->[androidx.work:work-runtime:2.9.0] AndroidManifest.xml:46:9-52:35
156            android:name="androidx.work.impl.background.systemjob.SystemJobService"
156-->[androidx.work:work-runtime:2.9.0] AndroidManifest.xml:47:13-84
157            android:directBootAware="false"
157-->[androidx.work:work-runtime:2.9.0] AndroidManifest.xml:48:13-44
158            android:enabled="@bool/enable_system_job_service_default"
158-->[androidx.work:work-runtime:2.9.0] AndroidManifest.xml:49:13-70
159            android:exported="true"
159-->[androidx.work:work-runtime:2.9.0] AndroidManifest.xml:50:13-36
160            android:permission="android.permission.BIND_JOB_SERVICE" />
160-->[androidx.work:work-runtime:2.9.0] AndroidManifest.xml:51:13-69
161        <service
161-->[androidx.work:work-runtime:2.9.0] AndroidManifest.xml:53:9-59:35
162            android:name="androidx.work.impl.foreground.SystemForegroundService"
162-->[androidx.work:work-runtime:2.9.0] AndroidManifest.xml:54:13-81
163            android:directBootAware="false"
163-->[androidx.work:work-runtime:2.9.0] AndroidManifest.xml:55:13-44
164            android:enabled="@bool/enable_system_foreground_service_default"
164-->[androidx.work:work-runtime:2.9.0] AndroidManifest.xml:56:13-77
165            android:exported="false" />
165-->[androidx.work:work-runtime:2.9.0] AndroidManifest.xml:57:13-37
166
167        <receiver
167-->[androidx.work:work-runtime:2.9.0] AndroidManifest.xml:61:9-66:35
168            android:name="androidx.work.impl.utils.ForceStopRunnable$BroadcastReceiver"
168-->[androidx.work:work-runtime:2.9.0] AndroidManifest.xml:62:13-88
169            android:directBootAware="false"
169-->[androidx.work:work-runtime:2.9.0] AndroidManifest.xml:63:13-44
170            android:enabled="true"
170-->[androidx.work:work-runtime:2.9.0] AndroidManifest.xml:64:13-35
171            android:exported="false" />
171-->[androidx.work:work-runtime:2.9.0] AndroidManifest.xml:65:13-37
172        <receiver
172-->[androidx.work:work-runtime:2.9.0] AndroidManifest.xml:67:9-77:20
173            android:name="androidx.work.impl.background.systemalarm.ConstraintProxy$BatteryChargingProxy"
173-->[androidx.work:work-runtime:2.9.0] AndroidManifest.xml:68:13-106
174            android:directBootAware="false"
174-->[androidx.work:work-runtime:2.9.0] AndroidManifest.xml:69:13-44
175            android:enabled="false"
175-->[androidx.work:work-runtime:2.9.0] AndroidManifest.xml:70:13-36
176            android:exported="false" >
176-->[androidx.work:work-runtime:2.9.0] AndroidManifest.xml:71:13-37
177            <intent-filter>
177-->[androidx.work:work-runtime:2.9.0] AndroidManifest.xml:73:13-76:29
178                <action android:name="android.intent.action.ACTION_POWER_CONNECTED" />
178-->[androidx.work:work-runtime:2.9.0] AndroidManifest.xml:74:17-87
178-->[androidx.work:work-runtime:2.9.0] AndroidManifest.xml:74:25-84
179                <action android:name="android.intent.action.ACTION_POWER_DISCONNECTED" />
179-->[androidx.work:work-runtime:2.9.0] AndroidManifest.xml:75:17-90
179-->[androidx.work:work-runtime:2.9.0] AndroidManifest.xml:75:25-87
180            </intent-filter>
181        </receiver>
182        <receiver
182-->[androidx.work:work-runtime:2.9.0] AndroidManifest.xml:78:9-88:20
183            android:name="androidx.work.impl.background.systemalarm.ConstraintProxy$BatteryNotLowProxy"
183-->[androidx.work:work-runtime:2.9.0] AndroidManifest.xml:79:13-104
184            android:directBootAware="false"
184-->[androidx.work:work-runtime:2.9.0] AndroidManifest.xml:80:13-44
185            android:enabled="false"
185-->[androidx.work:work-runtime:2.9.0] AndroidManifest.xml:81:13-36
186            android:exported="false" >
186-->[androidx.work:work-runtime:2.9.0] AndroidManifest.xml:82:13-37
187            <intent-filter>
187-->[androidx.work:work-runtime:2.9.0] AndroidManifest.xml:84:13-87:29
188                <action android:name="android.intent.action.BATTERY_OKAY" />
188-->[androidx.work:work-runtime:2.9.0] AndroidManifest.xml:85:17-77
188-->[androidx.work:work-runtime:2.9.0] AndroidManifest.xml:85:25-74
189                <action android:name="android.intent.action.BATTERY_LOW" />
189-->[androidx.work:work-runtime:2.9.0] AndroidManifest.xml:86:17-76
189-->[androidx.work:work-runtime:2.9.0] AndroidManifest.xml:86:25-73
190            </intent-filter>
191        </receiver>
192        <receiver
192-->[androidx.work:work-runtime:2.9.0] AndroidManifest.xml:89:9-99:20
193            android:name="androidx.work.impl.background.systemalarm.ConstraintProxy$StorageNotLowProxy"
193-->[androidx.work:work-runtime:2.9.0] AndroidManifest.xml:90:13-104
194            android:directBootAware="false"
194-->[androidx.work:work-runtime:2.9.0] AndroidManifest.xml:91:13-44
195            android:enabled="false"
195-->[androidx.work:work-runtime:2.9.0] AndroidManifest.xml:92:13-36
196            android:exported="false" >
196-->[androidx.work:work-runtime:2.9.0] AndroidManifest.xml:93:13-37
197            <intent-filter>
197-->[androidx.work:work-runtime:2.9.0] AndroidManifest.xml:95:13-98:29
198                <action android:name="android.intent.action.DEVICE_STORAGE_LOW" />
198-->[androidx.work:work-runtime:2.9.0] AndroidManifest.xml:96:17-83
198-->[androidx.work:work-runtime:2.9.0] AndroidManifest.xml:96:25-80
199                <action android:name="android.intent.action.DEVICE_STORAGE_OK" />
199-->[androidx.work:work-runtime:2.9.0] AndroidManifest.xml:97:17-82
199-->[androidx.work:work-runtime:2.9.0] AndroidManifest.xml:97:25-79
200            </intent-filter>
201        </receiver>
202        <receiver
202-->[androidx.work:work-runtime:2.9.0] AndroidManifest.xml:100:9-109:20
203            android:name="androidx.work.impl.background.systemalarm.ConstraintProxy$NetworkStateProxy"
203-->[androidx.work:work-runtime:2.9.0] AndroidManifest.xml:101:13-103
204            android:directBootAware="false"
204-->[androidx.work:work-runtime:2.9.0] AndroidManifest.xml:102:13-44
205            android:enabled="false"
205-->[androidx.work:work-runtime:2.9.0] AndroidManifest.xml:103:13-36
206            android:exported="false" >
206-->[androidx.work:work-runtime:2.9.0] AndroidManifest.xml:104:13-37
207            <intent-filter>
207-->[androidx.work:work-runtime:2.9.0] AndroidManifest.xml:106:13-108:29
208                <action android:name="android.net.conn.CONNECTIVITY_CHANGE" />
208-->[androidx.work:work-runtime:2.9.0] AndroidManifest.xml:107:17-79
208-->[androidx.work:work-runtime:2.9.0] AndroidManifest.xml:107:25-76
209            </intent-filter>
210        </receiver>
211        <receiver
211-->[androidx.work:work-runtime:2.9.0] AndroidManifest.xml:110:9-121:20
212            android:name="androidx.work.impl.background.systemalarm.RescheduleReceiver"
212-->[androidx.work:work-runtime:2.9.0] AndroidManifest.xml:111:13-88
213            android:directBootAware="false"
213-->[androidx.work:work-runtime:2.9.0] AndroidManifest.xml:112:13-44
214            android:enabled="false"
214-->[androidx.work:work-runtime:2.9.0] AndroidManifest.xml:113:13-36
215            android:exported="false" >
215-->[androidx.work:work-runtime:2.9.0] AndroidManifest.xml:114:13-37
216            <intent-filter>
216-->[androidx.work:work-runtime:2.9.0] AndroidManifest.xml:116:13-120:29
217                <action android:name="android.intent.action.BOOT_COMPLETED" />
217-->[androidx.work:work-runtime:2.9.0] AndroidManifest.xml:117:17-79
217-->[androidx.work:work-runtime:2.9.0] AndroidManifest.xml:117:25-76
218                <action android:name="android.intent.action.TIME_SET" />
218-->[androidx.work:work-runtime:2.9.0] AndroidManifest.xml:118:17-73
218-->[androidx.work:work-runtime:2.9.0] AndroidManifest.xml:118:25-70
219                <action android:name="android.intent.action.TIMEZONE_CHANGED" />
219-->[androidx.work:work-runtime:2.9.0] AndroidManifest.xml:119:17-81
219-->[androidx.work:work-runtime:2.9.0] AndroidManifest.xml:119:25-78
220            </intent-filter>
221        </receiver>
222        <receiver
222-->[androidx.work:work-runtime:2.9.0] AndroidManifest.xml:122:9-131:20
223            android:name="androidx.work.impl.background.systemalarm.ConstraintProxyUpdateReceiver"
223-->[androidx.work:work-runtime:2.9.0] AndroidManifest.xml:123:13-99
224            android:directBootAware="false"
224-->[androidx.work:work-runtime:2.9.0] AndroidManifest.xml:124:13-44
225            android:enabled="@bool/enable_system_alarm_service_default"
225-->[androidx.work:work-runtime:2.9.0] AndroidManifest.xml:125:13-72
226            android:exported="false" >
226-->[androidx.work:work-runtime:2.9.0] AndroidManifest.xml:126:13-37
227            <intent-filter>
227-->[androidx.work:work-runtime:2.9.0] AndroidManifest.xml:128:13-130:29
228                <action android:name="androidx.work.impl.background.systemalarm.UpdateProxies" />
228-->[androidx.work:work-runtime:2.9.0] AndroidManifest.xml:129:17-98
228-->[androidx.work:work-runtime:2.9.0] AndroidManifest.xml:129:25-95
229            </intent-filter>
230        </receiver>
231        <receiver
231-->[androidx.work:work-runtime:2.9.0] AndroidManifest.xml:132:9-142:20
232            android:name="androidx.work.impl.diagnostics.DiagnosticsReceiver"
232-->[androidx.work:work-runtime:2.9.0] AndroidManifest.xml:133:13-78
233            android:directBootAware="false"
233-->[androidx.work:work-runtime:2.9.0] AndroidManifest.xml:134:13-44
234            android:enabled="true"
234-->[androidx.work:work-runtime:2.9.0] AndroidManifest.xml:135:13-35
235            android:exported="true"
235-->[androidx.work:work-runtime:2.9.0] AndroidManifest.xml:136:13-36
236            android:permission="android.permission.DUMP" >
236-->[androidx.work:work-runtime:2.9.0] AndroidManifest.xml:137:13-57
237            <intent-filter>
237-->[androidx.work:work-runtime:2.9.0] AndroidManifest.xml:139:13-141:29
238                <action android:name="androidx.work.diagnostics.REQUEST_DIAGNOSTICS" />
238-->[androidx.work:work-runtime:2.9.0] AndroidManifest.xml:140:17-88
238-->[androidx.work:work-runtime:2.9.0] AndroidManifest.xml:140:25-85
239            </intent-filter>
240        </receiver>
241
242        <uses-library
242-->[androidx.window:window:1.0.0] AndroidManifest.xml:25:9-27:40
243            android:name="androidx.window.extensions"
243-->[androidx.window:window:1.0.0] AndroidManifest.xml:26:13-54
244            android:required="false" />
244-->[androidx.window:window:1.0.0] AndroidManifest.xml:27:13-37
245        <uses-library
245-->[androidx.window:window:1.0.0] AndroidManifest.xml:28:9-30:40
246            android:name="androidx.window.sidecar"
246-->[androidx.window:window:1.0.0] AndroidManifest.xml:29:13-51
247            android:required="false" />
247-->[androidx.window:window:1.0.0] AndroidManifest.xml:30:13-37
248
249        <service
249-->[androidx.room:room-runtime:2.5.0] AndroidManifest.xml:24:9-28:63
250            android:name="androidx.room.MultiInstanceInvalidationService"
250-->[androidx.room:room-runtime:2.5.0] AndroidManifest.xml:25:13-74
251            android:directBootAware="true"
251-->[androidx.room:room-runtime:2.5.0] AndroidManifest.xml:26:13-43
252            android:exported="false" />
252-->[androidx.room:room-runtime:2.5.0] AndroidManifest.xml:27:13-37
253
254        <receiver
254-->[androidx.profileinstaller:profileinstaller:1.3.0] AndroidManifest.xml:34:9-52:20
255            android:name="androidx.profileinstaller.ProfileInstallReceiver"
255-->[androidx.profileinstaller:profileinstaller:1.3.0] AndroidManifest.xml:35:13-76
256            android:directBootAware="false"
256-->[androidx.profileinstaller:profileinstaller:1.3.0] AndroidManifest.xml:36:13-44
257            android:enabled="true"
257-->[androidx.profileinstaller:profileinstaller:1.3.0] AndroidManifest.xml:37:13-35
258            android:exported="true"
258-->[androidx.profileinstaller:profileinstaller:1.3.0] AndroidManifest.xml:38:13-36
259            android:permission="android.permission.DUMP" >
259-->[androidx.profileinstaller:profileinstaller:1.3.0] AndroidManifest.xml:39:13-57
260            <intent-filter>
260-->[androidx.profileinstaller:profileinstaller:1.3.0] AndroidManifest.xml:40:13-42:29
261                <action android:name="androidx.profileinstaller.action.INSTALL_PROFILE" />
261-->[androidx.profileinstaller:profileinstaller:1.3.0] AndroidManifest.xml:41:17-91
261-->[androidx.profileinstaller:profileinstaller:1.3.0] AndroidManifest.xml:41:25-88
262            </intent-filter>
263            <intent-filter>
263-->[androidx.profileinstaller:profileinstaller:1.3.0] AndroidManifest.xml:43:13-45:29
264                <action android:name="androidx.profileinstaller.action.SKIP_FILE" />
264-->[androidx.profileinstaller:profileinstaller:1.3.0] AndroidManifest.xml:44:17-85
264-->[androidx.profileinstaller:profileinstaller:1.3.0] AndroidManifest.xml:44:25-82
265            </intent-filter>
266            <intent-filter>
266-->[androidx.profileinstaller:profileinstaller:1.3.0] AndroidManifest.xml:46:13-48:29
267                <action android:name="androidx.profileinstaller.action.SAVE_PROFILE" />
267-->[androidx.profileinstaller:profileinstaller:1.3.0] AndroidManifest.xml:47:17-88
267-->[androidx.profileinstaller:profileinstaller:1.3.0] AndroidManifest.xml:47:25-85
268            </intent-filter>
269            <intent-filter>
269-->[androidx.profileinstaller:profileinstaller:1.3.0] AndroidManifest.xml:49:13-51:29
270                <action android:name="androidx.profileinstaller.action.BENCHMARK_OPERATION" />
270-->[androidx.profileinstaller:profileinstaller:1.3.0] AndroidManifest.xml:50:17-95
270-->[androidx.profileinstaller:profileinstaller:1.3.0] AndroidManifest.xml:50:25-92
271            </intent-filter>
272        </receiver>
273    </application>
274
275</manifest>